This file contains any messages produced by compilers while
running configure, to aid debugging if configure makes a mistake.

It was created by librabbitmq configure 0.0.1, which was
generated by GNU Autoconf 2.61.  Invocation command line was

  $ /opt/devel/librabbitmq/rabbitmq-c/configure --disable-dependency-tracking

## --------- ##
## Platform. ##
## --------- ##

hostname = halcyon.local
uname -m = x86_64
uname -r = 11.4.0
uname -s = Darwin
uname -v = Darwin Kernel Version 11.4.0: Mon Apr  9 19:32:15 PDT 2012; root:xnu-1699.26.8~1/RELEASE_X86_64

/usr/bin/uname -p = i386
/bin/uname -X     = unknown

/bin/arch              = unknown
/usr/bin/arch -k       = unknown
/usr/convex/getsysinfo = unknown
/usr/bin/hostinfo      = Mach kernel version:
	 Darwin Kernel Version 11.4.0: Mon Apr  9 19:32:15 PDT 2012; root:xnu-1699.26.8~1/RELEASE_X86_64
Kernel configured for up to 8 processors.
4 processors are physically available.
8 processors are logically available.
Processor type: i486 (Intel 80486)
Processors active: 0 1 2 3 4 5 6 7
Primary memory available: 4.00 gigabytes
Default processor set: 154 tasks, 783 threads, 8 processors
Load average: 1.10, Mach factor: 6.89
/bin/machine           = unknown
/usr/bin/oslevel       = unknown
/bin/universe          = unknown

PATH: /Users/asksol/.virtualenvs/pcofo/bin
PATH: /usr/local/bin
PATH: /usr/local/sbin
PATH: /Library/Frameworks/Python.framework/Versions/3.2/bin
PATH: /opt/devel/Rabbit/rabbitmq-server/scripts
PATH: /Library/Frameworks/Python.framework/Versions/2.7/bin
PATH: ~/.gem/ruby/1.8/bin/
PATH: /Library/Frameworks/Python.framework/Versions/Current/bin
PATH: /opt/intel/bin
PATH: /opt/apache2/bin
PATH: /usr/local/mysql/bin
PATH: /opt/python/bin
PATH: /opt/pypy/bin
PATH: /opt/pypy-1.7/bin
PATH: /opt/pydebug/bin
PATH: /opt/py3/bin
PATH: /opt/jython/bin
PATH: /opt/rabbitmq/sbin
PATH: /Applications
PATH: /Developer/Tools
PATH: /usr/bin
PATH: /bin
PATH: /usr/sbin
PATH: /sbin
PATH: /usr/X11/bin
PATH: /usr/local/MacGPG2/bin
PATH: /usr/texbin
PATH: /usr/libexec
PATH: /opt/ida/bin


## ----------- ##
## Core tests. ##
## ----------- ##

configure:1856: checking for a BSD-compatible install
configure:1912: result: /usr/local/bin/ginstall -c
configure:1923: checking whether build environment is sane
configure:1966: result: yes
configure:1994: checking for a thread-safe mkdir -p
configure:2033: result: /usr/local/bin/gmkdir -p
configure:2046: checking for gawk
configure:2076: result: no
configure:2046: checking for mawk
configure:2076: result: no
configure:2046: checking for nawk
configure:2076: result: no
configure:2046: checking for awk
configure:2062: found /usr/bin/awk
configure:2073: result: awk
configure:2084: checking whether make sets $(MAKE)
configure:2105: result: yes
configure:2351: checking for gcc
configure:2367: found /usr/bin/gcc
configure:2378: result: gcc
configure:2616: checking for C compiler version
configure:2623: gcc --version >&5
i686-apple-darwin11-llvm-gcc-4.2 (GCC) 4.2.1 (Based on Apple Inc. build 5658) (LLVM build 2335.15.00)
Copyright (C) 2007 Free Software Foundation, Inc.
This is free software; see the source for copying conditions.  There is NO
warranty; not even for MERCHANTABILITY or FITNESS FOR A PARTICULAR PURPOSE.

configure:2626: $? = 0
configure:2633: gcc -v >&5
Using built-in specs.
Target: i686-apple-darwin11
Configured with: /private/var/tmp/llvmgcc42/llvmgcc42-2335.15~25/src/configure --disable-checking --enable-werror --prefix=/Developer/usr/llvm-gcc-4.2 --mandir=/share/man --enable-languages=c,objc,c++,obj-c++ --program-prefix=llvm- --program-transform-name=/^[cg][^.-]*$/s/$/-4.2/ --with-slibdir=/usr/lib --build=i686-apple-darwin11 --enable-llvm=/private/var/tmp/llvmgcc42/llvmgcc42-2335.15~25/dst-llvmCore/Developer/usr/local --program-prefix=i686-apple-darwin11- --host=x86_64-apple-darwin11 --target=i686-apple-darwin11 --with-gxx-include-dir=/usr/include/c++/4.2.1
Thread model: posix
gcc version 4.2.1 (Based on Apple Inc. build 5658) (LLVM build 2335.15.00)
configure:2636: $? = 0
configure:2643: gcc -V >&5
llvm-gcc-4.2: argument to `-V' is missing
configure:2646: $? = 1
configure:2669: checking for C compiler default output file name
configure:2696: gcc -L/usr/local/lib -L/usr/local/mysql/lib -I/usr/local/include -I/usr/local/mysql/include -Os -sse3 -ssse3 -fno-strict-aliasing -fno-common -dynamic -isysroot /Developer/SDKs/MacOSX10.6.sdk   -g -O2 -DNDEBUG -g -O3 -arch i386 -arch x86_64  -L/usr/local/lib -L/usr/local/mysql/lib   -isysroot /Developer/SDKs/MacOSX10.6.sdk -isysroot /Developer/SDKs/MacOSX10.6.sdk -g -arch i386 -arch x86_64 conftest.c  >&5
configure:2699: $? = 0
configure:2737: result: a.out
configure:2754: checking whether the C compiler works
configure:2764: ./a.out
configure:2767: $? = 0
configure:2784: result: yes
configure:2791: checking whether we are cross compiling
configure:2793: result: no
configure:2796: checking for suffix of executables
configure:2803: gcc -o conftest -L/usr/local/lib -L/usr/local/mysql/lib -I/usr/local/include -I/usr/local/mysql/include -Os -sse3 -ssse3 -fno-strict-aliasing -fno-common -dynamic -isysroot /Developer/SDKs/MacOSX10.6.sdk   -g -O2 -DNDEBUG -g -O3 -arch i386 -arch x86_64  -L/usr/local/lib -L/usr/local/mysql/lib   -isysroot /Developer/SDKs/MacOSX10.6.sdk -isysroot /Developer/SDKs/MacOSX10.6.sdk -g -arch i386 -arch x86_64 conftest.c  >&5
configure:2806: $? = 0
configure:2830: result: 
configure:2836: checking for suffix of object files
configure:2862: gcc -c -L/usr/local/lib -L/usr/local/mysql/lib -I/usr/local/include -I/usr/local/mysql/include -Os -sse3 -ssse3 -fno-strict-aliasing -fno-common -dynamic -isysroot /Developer/SDKs/MacOSX10.6.sdk   -g -O2 -DNDEBUG -g -O3 -arch i386 -arch x86_64  conftest.c >&5
configure:2865: $? = 0
configure:2888: result: o
configure:2892: checking whether we are using the GNU C compiler
configure:2921: gcc -c -L/usr/local/lib -L/usr/local/mysql/lib -I/usr/local/include -I/usr/local/mysql/include -Os -sse3 -ssse3 -fno-strict-aliasing -fno-common -dynamic -isysroot /Developer/SDKs/MacOSX10.6.sdk   -g -O2 -DNDEBUG -g -O3 -arch i386 -arch x86_64  conftest.c >&5
configure:2927: $? = 0
configure:2944: result: yes
configure:2949: checking whether gcc accepts -g
configure:2979: gcc -c -g  conftest.c >&5
configure:2985: $? = 0
configure:3084: result: yes
configure:3101: checking for gcc option to accept ISO C89
configure:3175: gcc  -c -L/usr/local/lib -L/usr/local/mysql/lib -I/usr/local/include -I/usr/local/mysql/include -Os -sse3 -ssse3 -fno-strict-aliasing -fno-common -dynamic -isysroot /Developer/SDKs/MacOSX10.6.sdk   -g -O2 -DNDEBUG -g -O3 -arch i386 -arch x86_64  conftest.c >&5
configure:3181: $? = 0
configure:3204: result: none needed
configure:3233: checking for style of include used by make
configure:3261: result: GNU
configure:3286: checking dependency style of gcc
configure:3377: result: none
configure:3399: checking build system type
configure:3417: result: i386-apple-darwin11.4.0
configure:3439: checking host system type
configure:3454: result: i386-apple-darwin11.4.0
configure:3837: checking how to print strings
configure:3864: result: printf
configure:3885: checking for a sed that does not truncate output
configure:3964: result: /usr/bin/sed
configure:3982: checking for grep that handles long lines and -e
configure:4056: result: /usr/bin/grep
configure:4061: checking for egrep
configure:4139: result: /usr/bin/grep -E
configure:4144: checking for fgrep
configure:4222: result: /usr/bin/grep -F
configure:4257: checking for ld used by gcc
configure:4324: result: /usr/llvm-gcc-4.2/libexec/gcc/i686-apple-darwin11/4.2.1/ld
configure:4333: checking if the linker (/usr/llvm-gcc-4.2/libexec/gcc/i686-apple-darwin11/4.2.1/ld) is GNU ld
configure:4348: result: no
configure:4360: checking for BSD- or MS-compatible name lister (nm)
configure:4409: result: /usr/bin/nm
configure:4543: checking the name lister (/usr/bin/nm) interface
configure:4550: gcc -c -L/usr/local/lib -L/usr/local/mysql/lib -I/usr/local/include -I/usr/local/mysql/include -Os -sse3 -ssse3 -fno-strict-aliasing -fno-common -dynamic -isysroot /Developer/SDKs/MacOSX10.6.sdk   -g -O2 -DNDEBUG -g -O3 -arch i386 -arch x86_64  conftest.c >&5
configure:4553: /usr/bin/nm "conftest.o"
configure:4556: output
0000000000000190 S _some_variable
configure:4563: result: BSD nm
configure:4566: checking whether ln -s works
configure:4570: result: yes
configure:4578: checking the maximum length of command line arguments
configure:4703: result: 196608
configure:4720: checking whether the shell understands some XSI constructs
configure:4730: result: yes
configure:4734: checking whether the shell understands "+="
configure:4740: result: yes
configure:4775: checking for /usr/llvm-gcc-4.2/libexec/gcc/i686-apple-darwin11/4.2.1/ld option to reload object files
configure:4782: result: -r
configure:4851: checking for objdump
configure:4878: result: objdump
configure:4911: checking how to recognize dependent libraries
configure:5113: result: pass_all
configure:5173: checking for ar
configure:5189: found /usr/bin/ar
configure:5200: result: ar
configure:5282: checking for strip
configure:5298: found /usr/bin/strip
configure:5309: result: strip
configure:5385: checking for ranlib
configure:5401: found /usr/bin/ranlib
configure:5412: result: ranlib
configure:5518: checking command to parse /usr/bin/nm output from gcc object
configure:5636: gcc -c -L/usr/local/lib -L/usr/local/mysql/lib -I/usr/local/include -I/usr/local/mysql/include -Os -sse3 -ssse3 -fno-strict-aliasing -fno-common -dynamic -isysroot /Developer/SDKs/MacOSX10.6.sdk   -g -O2 -DNDEBUG -g -O3 -arch i386 -arch x86_64  conftest.c >&5
configure:5639: $? = 0
configure:5643: /usr/bin/nm conftest.o \| sed -n -e 's/^.*[ ]\([BCDEGRST][BCDEGRST]*\)[ ][ ]*\([_A-Za-z][_A-Za-z0-9]*\)$/\1 \2 \2/p' \> conftest.nm
configure:5646: $? = 0
cannot find nm_test_var in conftest.nm
configure:5636: gcc -c -L/usr/local/lib -L/usr/local/mysql/lib -I/usr/local/include -I/usr/local/mysql/include -Os -sse3 -ssse3 -fno-strict-aliasing -fno-common -dynamic -isysroot /Developer/SDKs/MacOSX10.6.sdk   -g -O2 -DNDEBUG -g -O3 -arch i386 -arch x86_64  conftest.c >&5
configure:5639: $? = 0
configure:5643: /usr/bin/nm conftest.o \| sed -n -e 's/^.*[ ]\([BCDEGRST][BCDEGRST]*\)[ ][ ]*_\([_A-Za-z][_A-Za-z0-9]*\)$/\1 _\2 \2/p' \> conftest.nm
configure:5646: $? = 0
configure:5700: gcc -o conftest -L/usr/local/lib -L/usr/local/mysql/lib -I/usr/local/include -I/usr/local/mysql/include -Os -sse3 -ssse3 -fno-strict-aliasing -fno-common -dynamic -isysroot /Developer/SDKs/MacOSX10.6.sdk   -g -O2 -DNDEBUG -g -O3 -arch i386 -arch x86_64  -L/usr/local/lib -L/usr/local/mysql/lib   -isysroot /Developer/SDKs/MacOSX10.6.sdk -isysroot /Developer/SDKs/MacOSX10.6.sdk -g -arch i386 -arch x86_64 conftest.c conftstm.o >&5
configure:5703: $? = 0
configure:5741: result: ok
configure:6031: checking for dsymutil
configure:6047: found /usr/bin/dsymutil
configure:6058: result: dsymutil
configure:6127: checking for nmedit
configure:6143: found /usr/bin/nmedit
configure:6154: result: nmedit
configure:6223: checking for lipo
configure:6239: found /usr/bin/lipo
configure:6250: result: lipo
configure:6319: checking for otool
configure:6335: found /usr/bin/otool
configure:6346: result: otool
configure:6415: checking for otool64
configure:6445: result: no
configure:6494: checking for -single_module linker flag
gcc -L/usr/local/lib -L/usr/local/mysql/lib -I/usr/local/include -I/usr/local/mysql/include -Os -sse3 -ssse3 -fno-strict-aliasing -fno-common -dynamic -isysroot /Developer/SDKs/MacOSX10.6.sdk   -g -O2 -DNDEBUG -g -O3 -arch i386 -arch x86_64 -L/usr/local/lib -L/usr/local/mysql/lib   -isysroot /Developer/SDKs/MacOSX10.6.sdk -isysroot /Developer/SDKs/MacOSX10.6.sdk -g -arch i386 -arch x86_64 -o libconftest.dylib -dynamiclib -Wl,-single_module conftest.c
configure:6521: result: yes
configure:6523: checking for -exported_symbols_list linker flag
configure:6553: gcc -o conftest -L/usr/local/lib -L/usr/local/mysql/lib -I/usr/local/include -I/usr/local/mysql/include -Os -sse3 -ssse3 -fno-strict-aliasing -fno-common -dynamic -isysroot /Developer/SDKs/MacOSX10.6.sdk   -g -O2 -DNDEBUG -g -O3 -arch i386 -arch x86_64  -L/usr/local/lib -L/usr/local/mysql/lib   -isysroot /Developer/SDKs/MacOSX10.6.sdk -isysroot /Developer/SDKs/MacOSX10.6.sdk -g -arch i386 -arch x86_64 -Wl,-exported_symbols_list,conftest.sym conftest.c  >&5
configure:6559: $? = 0
configure:6578: result: yes
configure:6580: checking for -force_load linker flag
gcc -L/usr/local/lib -L/usr/local/mysql/lib -I/usr/local/include -I/usr/local/mysql/include -Os -sse3 -ssse3 -fno-strict-aliasing -fno-common -dynamic -isysroot /Developer/SDKs/MacOSX10.6.sdk   -g -O2 -DNDEBUG -g -O3 -arch i386 -arch x86_64 -c -o conftest.o conftest.c
ar cru libconftest.a conftest.o
ranlib libconftest.a
gcc -L/usr/local/lib -L/usr/local/mysql/lib -I/usr/local/include -I/usr/local/mysql/include -Os -sse3 -ssse3 -fno-strict-aliasing -fno-common -dynamic -isysroot /Developer/SDKs/MacOSX10.6.sdk   -g -O2 -DNDEBUG -g -O3 -arch i386 -arch x86_64 -L/usr/local/lib -L/usr/local/mysql/lib   -isysroot /Developer/SDKs/MacOSX10.6.sdk -isysroot /Developer/SDKs/MacOSX10.6.sdk -g -arch i386 -arch x86_64 -o conftest conftest.c -Wl,-force_load,./libconftest.a
configure:6610: result: yes
configure:6652: checking how to run the C preprocessor
configure:6692: gcc -E  conftest.c
configure:6698: $? = 0
configure:6729: gcc -E  conftest.c
conftest.c:11:28: error: ac_nonexistent.h: No such file or directory
configure:6735: $? = 1
configure: failed program was:
| /* confdefs.h.  */
| #define PACKAGE_NAME "librabbitmq"
| #define PACKAGE_TARNAME "librabbitmq"
| #define PACKAGE_VERSION "0.0.1"
| #define PACKAGE_STRING "librabbitmq 0.0.1"
| #define PACKAGE_BUGREPORT "support@rabbitmq.com"
| #define PACKAGE "librabbitmq"
| #define VERSION "0.0.1"
| #define _GNU_SOURCE 1
| /* end confdefs.h.  */
| #include <ac_nonexistent.h>
configure:6768: result: gcc -E
configure:6797: gcc -E  conftest.c
configure:6803: $? = 0
configure:6834: gcc -E  conftest.c
conftest.c:11:28: error: ac_nonexistent.h: No such file or directory
configure:6840: $? = 1
configure: failed program was:
| /* confdefs.h.  */
| #define PACKAGE_NAME "librabbitmq"
| #define PACKAGE_TARNAME "librabbitmq"
| #define PACKAGE_VERSION "0.0.1"
| #define PACKAGE_STRING "librabbitmq 0.0.1"
| #define PACKAGE_BUGREPORT "support@rabbitmq.com"
| #define PACKAGE "librabbitmq"
| #define VERSION "0.0.1"
| #define _GNU_SOURCE 1
| /* end confdefs.h.  */
| #include <ac_nonexistent.h>
configure:6878: checking for ANSI C header files
configure:6908: gcc -c -L/usr/local/lib -L/usr/local/mysql/lib -I/usr/local/include -I/usr/local/mysql/include -Os -sse3 -ssse3 -fno-strict-aliasing -fno-common -dynamic -isysroot /Developer/SDKs/MacOSX10.6.sdk   -g -O2 -DNDEBUG -g -O3 -arch i386 -arch x86_64  conftest.c >&5
configure:6914: $? = 0
configure:7013: gcc -o conftest -L/usr/local/lib -L/usr/local/mysql/lib -I/usr/local/include -I/usr/local/mysql/include -Os -sse3 -ssse3 -fno-strict-aliasing -fno-common -dynamic -isysroot /Developer/SDKs/MacOSX10.6.sdk   -g -O2 -DNDEBUG -g -O3 -arch i386 -arch x86_64  -L/usr/local/lib -L/usr/local/mysql/lib   -isysroot /Developer/SDKs/MacOSX10.6.sdk -isysroot /Developer/SDKs/MacOSX10.6.sdk -g -arch i386 -arch x86_64 conftest.c  >&5
configure:7016: $? = 0
configure:7022: ./conftest
configure:7025: $? = 0
configure:7042: result: yes
configure:7066: checking for sys/types.h
configure:7087: gcc -c -L/usr/local/lib -L/usr/local/mysql/lib -I/usr/local/include -I/usr/local/mysql/include -Os -sse3 -ssse3 -fno-strict-aliasing -fno-common -dynamic -isysroot /Developer/SDKs/MacOSX10.6.sdk   -g -O2 -DNDEBUG -g -O3 -arch i386 -arch x86_64  conftest.c >&5
configure:7093: $? = 0
configure:7109: result: yes
configure:7066: checking for sys/stat.h
configure:7087: gcc -c -L/usr/local/lib -L/usr/local/mysql/lib -I/usr/local/include -I/usr/local/mysql/include -Os -sse3 -ssse3 -fno-strict-aliasing -fno-common -dynamic -isysroot /Developer/SDKs/MacOSX10.6.sdk   -g -O2 -DNDEBUG -g -O3 -arch i386 -arch x86_64  conftest.c >&5
configure:7093: $? = 0
configure:7109: result: yes
configure:7066: checking for stdlib.h
configure:7087: gcc -c -L/usr/local/lib -L/usr/local/mysql/lib -I/usr/local/include -I/usr/local/mysql/include -Os -sse3 -ssse3 -fno-strict-aliasing -fno-common -dynamic -isysroot /Developer/SDKs/MacOSX10.6.sdk   -g -O2 -DNDEBUG -g -O3 -arch i386 -arch x86_64  conftest.c >&5
configure:7093: $? = 0
configure:7109: result: yes
configure:7066: checking for string.h
configure:7087: gcc -c -L/usr/local/lib -L/usr/local/mysql/lib -I/usr/local/include -I/usr/local/mysql/include -Os -sse3 -ssse3 -fno-strict-aliasing -fno-common -dynamic -isysroot /Developer/SDKs/MacOSX10.6.sdk   -g -O2 -DNDEBUG -g -O3 -arch i386 -arch x86_64  conftest.c >&5
configure:7093: $? = 0
configure:7109: result: yes
configure:7066: checking for memory.h
configure:7087: gcc -c -L/usr/local/lib -L/usr/local/mysql/lib -I/usr/local/include -I/usr/local/mysql/include -Os -sse3 -ssse3 -fno-strict-aliasing -fno-common -dynamic -isysroot /Developer/SDKs/MacOSX10.6.sdk   -g -O2 -DNDEBUG -g -O3 -arch i386 -arch x86_64  conftest.c >&5
configure:7093: $? = 0
configure:7109: result: yes
configure:7066: checking for strings.h
configure:7087: gcc -c -L/usr/local/lib -L/usr/local/mysql/lib -I/usr/local/include -I/usr/local/mysql/include -Os -sse3 -ssse3 -fno-strict-aliasing -fno-common -dynamic -isysroot /Developer/SDKs/MacOSX10.6.sdk   -g -O2 -DNDEBUG -g -O3 -arch i386 -arch x86_64  conftest.c >&5
configure:7093: $? = 0
configure:7109: result: yes
configure:7066: checking for inttypes.h
configure:7087: gcc -c -L/usr/local/lib -L/usr/local/mysql/lib -I/usr/local/include -I/usr/local/mysql/include -Os -sse3 -ssse3 -fno-strict-aliasing -fno-common -dynamic -isysroot /Developer/SDKs/MacOSX10.6.sdk   -g -O2 -DNDEBUG -g -O3 -arch i386 -arch x86_64  conftest.c >&5
configure:7093: $? = 0
configure:7109: result: yes
configure:7066: checking for stdint.h
configure:7087: gcc -c -L/usr/local/lib -L/usr/local/mysql/lib -I/usr/local/include -I/usr/local/mysql/include -Os -sse3 -ssse3 -fno-strict-aliasing -fno-common -dynamic -isysroot /Developer/SDKs/MacOSX10.6.sdk   -g -O2 -DNDEBUG -g -O3 -arch i386 -arch x86_64  conftest.c >&5
configure:7093: $? = 0
configure:7109: result: yes
configure:7066: checking for unistd.h
configure:7087: gcc -c -L/usr/local/lib -L/usr/local/mysql/lib -I/usr/local/include -I/usr/local/mysql/include -Os -sse3 -ssse3 -fno-strict-aliasing -fno-common -dynamic -isysroot /Developer/SDKs/MacOSX10.6.sdk   -g -O2 -DNDEBUG -g -O3 -arch i386 -arch x86_64  conftest.c >&5
configure:7093: $? = 0
configure:7109: result: yes
configure:7125: checking for dlfcn.h
configure:7146: gcc -c -L/usr/local/lib -L/usr/local/mysql/lib -I/usr/local/include -I/usr/local/mysql/include -Os -sse3 -ssse3 -fno-strict-aliasing -fno-common -dynamic -isysroot /Developer/SDKs/MacOSX10.6.sdk   -g -O2 -DNDEBUG -g -O3 -arch i386 -arch x86_64  conftest.c >&5
configure:7152: $? = 0
configure:7168: result: yes
configure:7353: checking for objdir
configure:7368: result: .libs
configure:7635: checking if gcc supports -fno-rtti -fno-exceptions
configure:7653: gcc -c -L/usr/local/lib -L/usr/local/mysql/lib -I/usr/local/include -I/usr/local/mysql/include -Os -sse3 -ssse3 -fno-strict-aliasing -fno-common -dynamic -isysroot /Developer/SDKs/MacOSX10.6.sdk   -g -O2 -DNDEBUG -g -O3 -arch i386 -arch x86_64  -fno-rtti -fno-exceptions conftest.c >&5
cc1: warning: command line option "-fno-rtti" is valid for C++/ObjC++ but not for C
cc1: warning: command line option "-fno-rtti" is valid for C++/ObjC++ but not for C
configure:7657: $? = 0
configure:7670: result: no
configure:7690: checking for gcc option to produce PIC
configure:7975: result: -fno-common -DPIC
configure:7987: checking if gcc PIC flag -fno-common -DPIC works
configure:8005: gcc -c -L/usr/local/lib -L/usr/local/mysql/lib -I/usr/local/include -I/usr/local/mysql/include -Os -sse3 -ssse3 -fno-strict-aliasing -fno-common -dynamic -isysroot /Developer/SDKs/MacOSX10.6.sdk   -g -O2 -DNDEBUG -g -O3 -arch i386 -arch x86_64  -fno-common -DPIC -DPIC conftest.c >&5
configure:8009: $? = 0
configure:8022: result: yes
configure:8046: checking if gcc static flag -static works
configure:8074: result: no
configure:8089: checking if gcc supports -c -o file.o
configure:8110: gcc -c -L/usr/local/lib -L/usr/local/mysql/lib -I/usr/local/include -I/usr/local/mysql/include -Os -sse3 -ssse3 -fno-strict-aliasing -fno-common -dynamic -isysroot /Developer/SDKs/MacOSX10.6.sdk   -g -O2 -DNDEBUG -g -O3 -arch i386 -arch x86_64  -o out/conftest2.o conftest.c >&5
configure:8114: $? = 0
configure:8136: result: yes
configure:8144: checking if gcc supports -c -o file.o
configure:8191: result: yes
configure:8224: checking whether the gcc linker (/usr/llvm-gcc-4.2/libexec/gcc/i686-apple-darwin11/4.2.1/ld) supports shared libraries
configure:9375: result: yes
configure:9620: checking dynamic linker characteristics
configure:10325: result: darwin11.4.0 dyld
configure:10432: checking how to hardcode library paths into programs
configure:10457: result: immediate
configure:11282: checking whether stripping libraries is possible
configure:11296: result: yes
configure:11322: checking if libtool supports shared libraries
configure:11324: result: yes
configure:11327: checking whether to build shared libraries
configure:11348: result: yes
configure:11351: checking whether to build static libraries
configure:11355: result: yes
configure:11391: checking for ANSI C header files
configure:11555: result: yes
configure:11572: checking host system type
configure:11587: result: i386-apple-darwin11.4.0
configure:11650: checking for inline
configure:11676: gcc -c -L/usr/local/lib -L/usr/local/mysql/lib -I/usr/local/include -I/usr/local/mysql/include -Os -sse3 -ssse3 -fno-strict-aliasing -fno-common -dynamic -isysroot /Developer/SDKs/MacOSX10.6.sdk   -g -O2 -DNDEBUG -g -O3 -arch i386 -arch x86_64 -Wall -ansi -pedantic  conftest.c >&5
conftest.c:26: error: expected '=', ',', ';', 'asm' or '__attribute__' before 'foo_t'
conftest.c:27: error: expected '=', ',', ';', 'asm' or '__attribute__' before 'foo_t'
conftest.c:26: error: expected '=', ',', ';', 'asm' or '__attribute__' before 'foo_t'
conftest.c:27: error: expected '=', ',', ';', 'asm' or '__attribute__' before 'foo_t'
lipo: can't figure out the architecture type of: /var/folders/s4/4jsm4cm11tn9b8vv7xb0g2580000gn/T//ccTuo3Gl.out
configure:11682: $? = 1
configure: failed program was:
| /* confdefs.h.  */
| #define PACKAGE_NAME "librabbitmq"
| #define PACKAGE_TARNAME "librabbitmq"
| #define PACKAGE_VERSION "0.0.1"
| #define PACKAGE_STRING "librabbitmq 0.0.1"
| #define PACKAGE_BUGREPORT "support@rabbitmq.com"
| #define PACKAGE "librabbitmq"
| #define VERSION "0.0.1"
| #define _GNU_SOURCE 1
| #define STDC_HEADERS 1
| #define HAVE_SYS_TYPES_H 1
| #define HAVE_SYS_STAT_H 1
| #define HAVE_STDLIB_H 1
| #define HAVE_STRING_H 1
| #define HAVE_MEMORY_H 1
| #define HAVE_STRINGS_H 1
| #define HAVE_INTTYPES_H 1
| #define HAVE_STDINT_H 1
| #define HAVE_UNISTD_H 1
| #define HAVE_DLFCN_H 1
| #define LT_OBJDIR ".libs/"
| #define STDC_HEADERS 1
| /* end confdefs.h.  */
| #ifndef __cplusplus
| typedef int foo_t;
| static inline foo_t static_foo () {return 0; }
| inline foo_t foo () {return 0; }
| #endif
| 
configure:11676: gcc -c -L/usr/local/lib -L/usr/local/mysql/lib -I/usr/local/include -I/usr/local/mysql/include -Os -sse3 -ssse3 -fno-strict-aliasing -fno-common -dynamic -isysroot /Developer/SDKs/MacOSX10.6.sdk   -g -O2 -DNDEBUG -g -O3 -arch i386 -arch x86_64 -Wall -ansi -pedantic  conftest.c >&5
configure:11682: $? = 0
configure:11700: result: __inline__
configure:11721: checking whether byte ordering is bigendian
configure:11754: gcc -c -L/usr/local/lib -L/usr/local/mysql/lib -I/usr/local/include -I/usr/local/mysql/include -Os -sse3 -ssse3 -fno-strict-aliasing -fno-common -dynamic -isysroot /Developer/SDKs/MacOSX10.6.sdk   -g -O2 -DNDEBUG -g -O3 -arch i386 -arch x86_64 -Wall  conftest.c >&5
configure:11760: $? = 0
configure:11792: gcc -c -L/usr/local/lib -L/usr/local/mysql/lib -I/usr/local/include -I/usr/local/mysql/include -Os -sse3 -ssse3 -fno-strict-aliasing -fno-common -dynamic -isysroot /Developer/SDKs/MacOSX10.6.sdk   -g -O2 -DNDEBUG -g -O3 -arch i386 -arch x86_64 -Wall  conftest.c >&5
conftest.c: In function 'main':
conftest.c:34: error: 'not' undeclared (first use in this function)
conftest.c:34: error: (Each undeclared identifier is reported only once
conftest.c:34: error: for each function it appears in.)
conftest.c:34: error: expected ';' before 'big'
conftest.c: In function 'main':
conftest.c:34: error: 'not' undeclared (first use in this function)
conftest.c:34: error: (Each undeclared identifier is reported only once
conftest.c:34: error: for each function it appears in.)
conftest.c:34: error: expected ';' before 'big'
lipo: can't figure out the architecture type of: /var/folders/s4/4jsm4cm11tn9b8vv7xb0g2580000gn/T//ccclu37b.out
configure:11798: $? = 1
configure: failed program was:
| /* confdefs.h.  */
| #define PACKAGE_NAME "librabbitmq"
| #define PACKAGE_TARNAME "librabbitmq"
| #define PACKAGE_VERSION "0.0.1"
| #define PACKAGE_STRING "librabbitmq 0.0.1"
| #define PACKAGE_BUGREPORT "support@rabbitmq.com"
| #define PACKAGE "librabbitmq"
| #define VERSION "0.0.1"
| #define _GNU_SOURCE 1
| #define STDC_HEADERS 1
| #define HAVE_SYS_TYPES_H 1
| #define HAVE_SYS_STAT_H 1
| #define HAVE_STDLIB_H 1
| #define HAVE_STRING_H 1
| #define HAVE_MEMORY_H 1
| #define HAVE_STRINGS_H 1
| #define HAVE_INTTYPES_H 1
| #define HAVE_STDINT_H 1
| #define HAVE_UNISTD_H 1
| #define HAVE_DLFCN_H 1
| #define LT_OBJDIR ".libs/"
| #define STDC_HEADERS 1
| #ifndef __cplusplus
| #define inline __inline__
| #endif
| /* end confdefs.h.  */
| #include <sys/types.h>
| #include <sys/param.h>
| 
| int
| main ()
| {
| #if BYTE_ORDER != BIG_ENDIAN
|  not big endian
| #endif
| 
|   ;
|   return 0;
| }
configure:11938: result: no
configure:11970: checking location of AMQP codegen directory
configure:11980: result: ../rabbitmq-codegen
configure:11988: checking finding a python with simplejson installed
configure:12001: result: python
configure:12057: checking for poptGetContext in -lpopt
configure:12092: gcc -o conftest -L/usr/local/lib -L/usr/local/mysql/lib -I/usr/local/include -I/usr/local/mysql/include -Os -sse3 -ssse3 -fno-strict-aliasing -fno-common -dynamic -isysroot /Developer/SDKs/MacOSX10.6.sdk   -g -O2 -DNDEBUG -g -O3 -arch i386 -arch x86_64 -Wall  -L/usr/local/lib -L/usr/local/mysql/lib   -isysroot /Developer/SDKs/MacOSX10.6.sdk -isysroot /Developer/SDKs/MacOSX10.6.sdk -g -arch i386 -arch x86_64 conftest.c -lpopt   >&5
ld: library not found for -lpopt
collect2: ld returned 1 exit status
ld: library not found for -lpopt
collect2: ld returned 1 exit status
lipo: can't open input file: /var/folders/s4/4jsm4cm11tn9b8vv7xb0g2580000gn/T//ccFKRNgj.out (No such file or directory)
configure:12098: $? = 1
configure: failed program was:
| /* confdefs.h.  */
| #define PACKAGE_NAME "librabbitmq"
| #define PACKAGE_TARNAME "librabbitmq"
| #define PACKAGE_VERSION "0.0.1"
| #define PACKAGE_STRING "librabbitmq 0.0.1"
| #define PACKAGE_BUGREPORT "support@rabbitmq.com"
| #define PACKAGE "librabbitmq"
| #define VERSION "0.0.1"
| #define _GNU_SOURCE 1
| #define STDC_HEADERS 1
| #define HAVE_SYS_TYPES_H 1
| #define HAVE_SYS_STAT_H 1
| #define HAVE_STDLIB_H 1
| #define HAVE_STRING_H 1
| #define HAVE_MEMORY_H 1
| #define HAVE_STRINGS_H 1
| #define HAVE_INTTYPES_H 1
| #define HAVE_STDINT_H 1
| #define HAVE_UNISTD_H 1
| #define HAVE_DLFCN_H 1
| #define LT_OBJDIR ".libs/"
| #define STDC_HEADERS 1
| #ifndef __cplusplus
| #define inline __inline__
| #endif
| /* end confdefs.h.  */
| 
| /* Override any GCC internal prototype to avoid an error.
|    Use char because int might match the return type of a GCC
|    builtin and then its argument prototype would still apply.  */
| #ifdef __cplusplus
| extern "C"
| #endif
| char poptGetContext ();
| int
| main ()
| {
| return poptGetContext ();
|   ;
|   return 0;
| }
configure:12116: result: no
configure:12309: checking for xmlto
configure:12325: found /usr/local/bin/xmlto
configure:12336: result: xmlto
configure:12514: creating ./config.status

## ---------------------- ##
## Running config.status. ##
## ---------------------- ##

This file was extended by librabbitmq config.status 0.0.1, which was
generated by GNU Autoconf 2.61.  Invocation command line was

  CONFIG_FILES    = 
  CONFIG_HEADERS  = 
  CONFIG_LINKS    = 
  CONFIG_COMMANDS = 
  $ ./config.status 

on halcyon.local

config.status:874: creating Makefile
config.status:874: creating librabbitmq/Makefile
config.status:874: creating tests/Makefile
config.status:874: creating examples/Makefile
config.status:874: creating tools/Makefile
config.status:874: creating tools/doc/Makefile
config.status:874: creating config.h
config.status:1151: executing depfiles commands
config.status:1151: executing libtool commands

## ---------------- ##
## Cache variables. ##
## ---------------- ##

ac_cv_build=i386-apple-darwin11.4.0
ac_cv_c_bigendian=no
ac_cv_c_compiler_gnu=yes
ac_cv_c_inline=__inline__
ac_cv_env_CC_set=
ac_cv_env_CC_value=
ac_cv_env_CFLAGS_set=set
ac_cv_env_CFLAGS_value='-L/usr/local/lib -L/usr/local/mysql/lib -I/usr/local/include -I/usr/local/mysql/include -Os -sse3 -ssse3 -fno-strict-aliasing -fno-common -dynamic -isysroot /Developer/SDKs/MacOSX10.6.sdk   -g -O2 -DNDEBUG -g -O3 -arch i386 -arch x86_64'
ac_cv_env_CPPFLAGS_set=
ac_cv_env_CPPFLAGS_value=
ac_cv_env_CPP_set=
ac_cv_env_CPP_value=
ac_cv_env_LDFLAGS_set=set
ac_cv_env_LDFLAGS_value='-L/usr/local/lib -L/usr/local/mysql/lib   -isysroot /Developer/SDKs/MacOSX10.6.sdk -isysroot /Developer/SDKs/MacOSX10.6.sdk -g -arch i386 -arch x86_64'
ac_cv_env_LIBS_set=
ac_cv_env_LIBS_value=
ac_cv_env_build_alias_set=
ac_cv_env_build_alias_value=
ac_cv_env_host_alias_set=
ac_cv_env_host_alias_value=
ac_cv_env_target_alias_set=
ac_cv_env_target_alias_value=
ac_cv_header_dlfcn_h=yes
ac_cv_header_inttypes_h=yes
ac_cv_header_memory_h=yes
ac_cv_header_stdc=yes
ac_cv_header_stdint_h=yes
ac_cv_header_stdlib_h=yes
ac_cv_header_string_h=yes
ac_cv_header_strings_h=yes
ac_cv_header_sys_stat_h=yes
ac_cv_header_sys_types_h=yes
ac_cv_header_unistd_h=yes
ac_cv_host=i386-apple-darwin11.4.0
ac_cv_lib_popt_poptGetContext=no
ac_cv_objext=o
ac_cv_path_EGREP='/usr/bin/grep -E'
ac_cv_path_FGREP='/usr/bin/grep -F'
ac_cv_path_GREP=/usr/bin/grep
ac_cv_path_SED=/usr/bin/sed
ac_cv_path_install='/usr/local/bin/ginstall -c'
ac_cv_path_mkdir=/usr/local/bin/gmkdir
ac_cv_prog_AWK=awk
ac_cv_prog_CPP='gcc -E'
ac_cv_prog_XMLTO=xmlto
ac_cv_prog_ac_ct_AR=ar
ac_cv_prog_ac_ct_CC=gcc
ac_cv_prog_ac_ct_DSYMUTIL=dsymutil
ac_cv_prog_ac_ct_LIPO=lipo
ac_cv_prog_ac_ct_NMEDIT=nmedit
ac_cv_prog_ac_ct_OBJDUMP=objdump
ac_cv_prog_ac_ct_OTOOL=otool
ac_cv_prog_ac_ct_RANLIB=ranlib
ac_cv_prog_ac_ct_STRIP=strip
ac_cv_prog_cc_c89=
ac_cv_prog_cc_g=yes
ac_cv_prog_make_make_set=yes
am_cv_CC_dependencies_compiler_type=none
lt_cv_apple_cc_single_mod=yes
lt_cv_deplibs_check_method=pass_all
lt_cv_file_magic_cmd='$MAGIC_CMD'
lt_cv_file_magic_test_file=
lt_cv_ld_exported_symbols_list=yes
lt_cv_ld_force_load=yes
lt_cv_ld_reload_flag=-r
lt_cv_nm_interface='BSD nm'
lt_cv_objdir=.libs
lt_cv_path_LD=/usr/llvm-gcc-4.2/libexec/gcc/i686-apple-darwin11/4.2.1/ld
lt_cv_path_NM=/usr/bin/nm
lt_cv_prog_compiler_c_o=yes
lt_cv_prog_compiler_pic_works=yes
lt_cv_prog_compiler_rtti_exceptions=no
lt_cv_prog_compiler_static_works=no
lt_cv_prog_gnu_ld=no
lt_cv_sys_global_symbol_pipe='sed -n -e '\''s/^.*[	 ]\([BCDEGRST][BCDEGRST]*\)[	 ][	 ]*_\([_A-Za-z][_A-Za-z0-9]*\)$/\1 _\2 \2/p'\'''
lt_cv_sys_global_symbol_to_c_name_address='sed -n -e '\''s/^: \([^ ]*\) $/  {\"\1\", (void *) 0},/p'\'' -e '\''s/^[BCDEGRST]* \([^ ]*\) \([^ ]*\)$/  {"\2", (void *) \&\2},/p'\'''
lt_cv_sys_global_symbol_to_c_name_address_lib_prefix='sed -n -e '\''s/^: \([^ ]*\) $/  {\"\1\", (void *) 0},/p'\'' -e '\''s/^[BCDEGRST]* \([^ ]*\) \(lib[^ ]*\)$/  {"\2", (void *) \&\2},/p'\'' -e '\''s/^[BCDEGRST]* \([^ ]*\) \([^ ]*\)$/  {"lib\2", (void *) \&\2},/p'\'''
lt_cv_sys_global_symbol_to_cdecl='sed -n -e '\''s/^T .* \(.*\)$/extern int \1();/p'\'' -e '\''s/^[BCDEGRST]* .* \(.*\)$/extern char \1;/p'\'''
lt_cv_sys_max_cmd_len=196608

## ----------------- ##
## Output variables. ##
## ----------------- ##

ACLOCAL='${SHELL} /opt/devel/librabbitmq/rabbitmq-c/missing --run aclocal-1.10'
AMDEPBACKSLASH=''
AMDEP_FALSE=''
AMDEP_TRUE='#'
AMQP_CODEGEN_DIR='../rabbitmq-codegen'
AMQP_SPEC_JSON_PATH='../rabbitmq-codegen/amqp-rabbitmq-0.9.1.json'
AMTAR='${SHELL} /opt/devel/librabbitmq/rabbitmq-c/missing --run tar'
AR='ar'
AS='as'
AUTOCONF='${SHELL} /opt/devel/librabbitmq/rabbitmq-c/missing --run autoconf'
AUTOHEADER='${SHELL} /opt/devel/librabbitmq/rabbitmq-c/missing --run autoheader'
AUTOMAKE='${SHELL} /opt/devel/librabbitmq/rabbitmq-c/missing --run automake-1.10'
AWK='awk'
CC='gcc'
CCDEPMODE='depmode=none'
CFLAGS='-L/usr/local/lib -L/usr/local/mysql/lib -I/usr/local/include -I/usr/local/mysql/include -Os -sse3 -ssse3 -fno-strict-aliasing -fno-common -dynamic -isysroot /Developer/SDKs/MacOSX10.6.sdk   -g -O2 -DNDEBUG -g -O3 -arch i386 -arch x86_64 -Wall'
CPP='gcc -E'
CPPFLAGS=''
CYGPATH_W='echo'
DEFS='-DHAVE_CONFIG_H'
DEPDIR='.deps'
DLLTOOL='dlltool'
DSYMUTIL='dsymutil'
DUMPBIN=''
ECHO_C='ECHO_N=''
ECHO_T=''
EGREP='/usr/bin/grep -E'
EXEEXT=''
EXTRA_LIBS=''
FGREP='/usr/bin/grep -F'
GCC_FALSE='#'
GCC_TRUE=''
GREP='/usr/bin/grep'
INSTALL_DATA='${INSTALL} -m 644'
INSTALL_PROGRAM='${INSTALL}'
INSTALL_SCRIPT='${INSTALL}'
INSTALL_STRIP_PROGRAM='$(install_sh) -c -s'
LD='/usr/llvm-gcc-4.2/libexec/gcc/i686-apple-darwin11/4.2.1/ld'
LDFLAGS='-L/usr/local/lib -L/usr/local/mysql/lib   -isysroot /Developer/SDKs/MacOSX10.6.sdk -isysroot /Developer/SDKs/MacOSX10.6.sdk -g -arch i386 -arch x86_64'
LIBOBJS=''
LIBPOPT=''
LIBS=''
LIBTOOL='$(SHELL) $(top_builddir)/libtool'
LIPO='lipo'
LN_S='ln -s'
LTLIBOBJS=''
MAKEINFO='${SHELL} /opt/devel/librabbitmq/rabbitmq-c/missing --run makeinfo'
NM='/usr/bin/nm'
NMEDIT='nmedit'
OBJDUMP='objdump'
OBJEXT='o'
OTOOL64=':'
OTOOL='otool'
PACKAGE='librabbitmq'
PACKAGE_BUGREPORT='support@rabbitmq.com'
PACKAGE_NAME='librabbitmq'
PACKAGE_STRING='librabbitmq 0.0.1'
PACKAGE_TARNAME='librabbitmq'
PACKAGE_VERSION='0.0.1'
PATH_SEPARATOR=':'
PLATFORM_DIR='unix'
PYTHON='python'
RANLIB='ranlib'
SED='/usr/bin/sed'
SET_MAKE=''
SHELL='/bin/sh'
STRIP='strip'
TOOLS_DOC_FALSE='#'
TOOLS_DOC_TRUE=''
TOOLS_FALSE=''
TOOLS_TRUE='#'
USE_MSINTTYPES_FALSE=''
USE_MSINTTYPES_TRUE='#'
VERSION='0.0.1'
WINDOWS_FALSE=''
WINDOWS_TRUE='#'
XMLTO='xmlto'
ac_ct_CC='gcc'
ac_ct_DUMPBIN=''
am__fastdepCC_FALSE=''
am__fastdepCC_TRUE='#'
am__include='include'
am__isrc=''
am__leading_dot='.'
am__quote=''
am__tar='${AMTAR} chof - "$$tardir"'
am__untar='${AMTAR} xf -'
bindir='${exec_prefix}/bin'
build='i386-apple-darwin11.4.0'
build_alias=''
build_cpu='i386'
build_os='darwin11.4.0'
build_vendor='apple'
datadir='${datarootdir}'
datarootdir='${prefix}/share'
docdir='${datarootdir}/doc/${PACKAGE_TARNAME}'
dvidir='${docdir}'
exec_prefix='${prefix}'
host='i386-apple-darwin11.4.0'
host_alias=''
host_cpu='i386'
host_os='darwin11.4.0'
host_vendor='apple'
htmldir='${docdir}'
includedir='${prefix}/include'
infodir='${datarootdir}/info'
install_sh='$(SHELL) /opt/devel/librabbitmq/rabbitmq-c/install-sh'
libdir='${exec_prefix}/lib'
libexecdir='${exec_prefix}/libexec'
localedir='${datarootdir}/locale'
localstatedir='${prefix}/var'
mandir='${datarootdir}/man'
mkdir_p='/usr/local/bin/gmkdir -p'
oldincludedir='/usr/include'
pdfdir='${docdir}'
prefix='/usr/local'
program_transform_name='s,x,x,'
psdir='${docdir}'
sbindir='${exec_prefix}/sbin'
sharedstatedir='${prefix}/com'
sysconfdir='${prefix}/etc'
target_alias=''

## ----------- ##
## confdefs.h. ##
## ----------- ##

#define PACKAGE_NAME "librabbitmq"
#define PACKAGE_TARNAME "librabbitmq"
#define PACKAGE_VERSION "0.0.1"
#define PACKAGE_STRING "librabbitmq 0.0.1"
#define PACKAGE_BUGREPORT "support@rabbitmq.com"
#define PACKAGE "librabbitmq"
#define VERSION "0.0.1"
#define _GNU_SOURCE 1
#define STDC_HEADERS 1
#define HAVE_SYS_TYPES_H 1
#define HAVE_SYS_STAT_H 1
#define HAVE_STDLIB_H 1
#define HAVE_STRING_H 1
#define HAVE_MEMORY_H 1
#define HAVE_STRINGS_H 1
#define HAVE_INTTYPES_H 1
#define HAVE_STDINT_H 1
#define HAVE_UNISTD_H 1
#define HAVE_DLFCN_H 1
#define LT_OBJDIR ".libs/"
#define STDC_HEADERS 1
#ifndef __cplusplus
#define inline __inline__
#endif

configure: exit 0
